false
false
false
true
true
true
Booking succeed.
Booking succeed.
Booking succeed.
You cannot return Ebike to provider 846260512@qq.com.
Quotes found.
No quotes found.
Booking succeed.
Some of your selected bikes may be unavailable at your selected dates, please selected another dates. Booking failed.

Thanks for using JUnit! Support its development at https://junit.org/sponsoring

╷
├─ JUnit Jupiter ✔
│  ├─ PricingPolicyTests ✔
│  │  └─ testPricingPolicy() ✔
│  ├─ TestDateRange ✔
│  │  ├─ testOverlapsFalse() ✔
│  │  ├─ testToYears1() ✔
│  │  ├─ testToYears3() ✔
│  │  └─ testOverlapsTrue() ✔
│  ├─ TestLocation ✔
│  │  ├─ testIsNearTo() ✔
│  │  ├─ testgetPostCode() ✔
│  │  └─ testgetAddress() ✔
│  └─ SystemTests ✔
│     ├─ testReturnBikeToOriProv() ✔
│     ├─ testGetQuote() ✔
│     └─ testBookQuote() ✔
└─ JUnit Vintage ✔

Test run finished after 204 ms
[         6 containers found      ]
[         0 containers skipped    ]
[         6 containers started    ]
[         0 containers aborted    ]
[         6 containers successful ]
[         0 containers failed     ]
[        11 tests found           ]
[         0 tests skipped         ]
[        11 tests started         ]
[         0 tests aborted         ]
[        11 tests successful      ]
[         0 tests failed          ]

